<?xml version="1.0" encoding="UTF-8"?>
<testsuite name="agh.ics.oop.SimulationTest" tests="1" skipped="0" failures="0" errors="0" timestamp="2022-11-15T10:09:29" hostname="Hiro" time="0.039">
  <properties/>
  <testcase name="placeTest()" classname="agh.ics.oop.SimulationTest" time="0.039"/>
  <system-out><![CDATA[Animal 0, move: FORWARD
 y\x  0 1 2 3 4 5 6 7 8 9
  5: ---------------------
  4: | | | | | | | | | | |
  3: | | |N| | | | | | | |
  2: | | | | | | | | | | |
  1: | | | | | | | | | | |
  0: | | | | | | | | | | |
 -1: ---------------------

Animal 0, move: FORWARD
 y\x  0 1 2 3 4 5 6 7 8 9
  5: ---------------------
  4: | | |N| | | | | | | |
  3: | | | | | | | | | | |
  2: | | | | | | | | | | |
  1: | | | | | | | | | | |
  0: | | | | | | | | | | |
 -1: ---------------------

Animal 0, move: FORWARD
 y\x  0 1 2 3 4 5 6 7 8 9
  5: ---------------------
  4: | | |N| | | | | | | |
  3: | | | | | | | | | | |
  2: | | | | | | | | | | |
  1: | | | | | | | | | | |
  0: | | | | | | | | | | |
 -1: ---------------------

Animal 0, move: FORWARD
 y\x  0 1 2 3 4 5 6 7 8 9
  5: ---------------------
  4: | | |N| | | | | | | |
  3: | | | | | | | | | | |
  2: | | | | | | | | | | |
  1: | | | | | | | | | | |
  0: | | | | | | | | | | |
 -1: ---------------------

Animal 0, move: RIGHT
 y\x  0 1 2 3 4 5 6 7 8 9
  5: ---------------------
  4: | | |E| | | | | | | |
  3: | | | | | | | | | | |
  2: | | | | | | | | | | |
  1: | | | | | | | | | | |
  0: | | | | | | | | | | |
 -1: ---------------------

Animal 0, move: RIGHT
 y\x  0 1 2 3 4 5 6 7 8 9
  5: ---------------------
  4: | | |S| | | | | | | |
  3: | | | | | | | | | | |
  2: | | | | | | | | | | |
  1: | | | | | | | | | | |
  0: | | | | | | | | | | |
 -1: ---------------------

Animal 0, move: FORWARD
 y\x  0 1 2 3 4 5 6 7 8 9
  5: ---------------------
  4: | | | | | | | | | | |
  3: | | |S| | | | | | | |
  2: | | | | | | | | | | |
  1: | | | | | | | | | | |
  0: | | | | | | | | | | |
 -1: ---------------------

Animal 0, move: FORWARD
 y\x  0 1 2 3 4 5 6 7 8 9
  5: ---------------------
  4: | | | | | | | | | | |
  3: | | | | | | | | | | |
  2: | | |S| | | | | | | |
  1: | | | | | | | | | | |
  0: | | | | | | | | | | |
 -1: ---------------------

Animal 0, move: FORWARD
 y\x  0 1 2 3 4 5 6 7 8 9
  5: ---------------------
  4: | | | | | | | | | | |
  3: | | | | | | | | | | |
  2: | | | | | | | | | | |
  1: | | |S| | | | | | | |
  0: | | | | | | | | | | |
 -1: ---------------------

]]></system-out>
  <system-err><![CDATA[]]></system-err>
</testsuite>
