<?xml version="1.0" encoding="UTF-8"?>
<testsuite name="agh.ics.oop.SimulationTest" tests="1" skipped="0" failures="0" errors="0" timestamp="2022-11-27T16:05:39" hostname="Hiro" time="0.045">
  <properties/>
  <testcase name="grassTest()" classname="agh.ics.oop.SimulationTest" time="0.045"/>
  <system-out><![CDATA[Animal 0, move: FORWARD
 y\x  0 1 2 3 4 5 6 7 8 9
 10: ---------------------
  9: | | | | | |*| | |*| |
  8: | | | | | | | | | | |
  7: | | | | | | | |*| | |
  6: | |*| | | | | |*|*| |
  5: |*| | | | | | | | |*|
  4: | | | |N| | | | |*| |
  3: | | |N| | | | | | | |
  2: | | | | | | | | | | |
  1: | | |*| | | | | | | |
  0: ---------------------

Animal 1, move: BACKWARD
 y\x  0 1 2 3 4 5 6 7 8 9
 10: ---------------------
  9: | | | | | |*| | |*| |
  8: | | | | | | | | | | |
  7: | | | | | | | |*| | |
  6: | |*| | | | | |*|*| |
  5: |*| | | | | | | | |*|
  4: | | | | | | | | |*| |
  3: | | |N|N| | | | | | |
  2: | | | | | | | | | | |
  1: | | |*| | | | | | | |
  0: ---------------------

Animal 0, move: RIGHT
 y\x  0 1 2 3 4 5 6 7 8 9
 10: ---------------------
  9: | | | | | |*| | |*| |
  8: | | | | | | | | | | |
  7: | | | | | | | |*| | |
  6: | |*| | | | | |*|*| |
  5: |*| | | | | | | | |*|
  4: | | | | | | | | |*| |
  3: | | |E|N| | | | | | |
  2: | | | | | | | | | | |
  1: | | |*| | | | | | | |
  0: ---------------------

Animal 1, move: LEFT
 y\x  0 1 2 3 4 5 6 7 8 9
 10: ---------------------
  9: | | | | | |*| | |*| |
  8: | | | | | | | | | | |
  7: | | | | | | | |*| | |
  6: | |*| | | | | |*|*| |
  5: |*| | | | | | | | |*|
  4: | | | | | | | | |*| |
  3: | | |E|W| | | | | | |
  2: | | | | | | | | | | |
  1: | | |*| | | | | | | |
  0: ---------------------

Animal 0, move: FORWARD
 y\x  0 1 2 3 4 5 6 7 8 9
 10: ---------------------
  9: | | | | | |*| | |*| |
  8: | | | | | | | | | | |
  7: | | | | | | | |*| | |
  6: | |*| | | | | |*|*| |
  5: |*| | | | | | | | |*|
  4: | | | | | | | | |*| |
  3: | | |E|W| | | | | | |
  2: | | | | | | | | | | |
  1: | | |*| | | | | | | |
  0: ---------------------

Animal 1, move: FORWARD
 y\x  0 1 2 3 4 5 6 7 8 9
 10: ---------------------
  9: | | | | | |*| | |*| |
  8: | | | | | | | | | | |
  7: | | | | | | | |*| | |
  6: | |*| | | | | |*|*| |
  5: |*| | | | | | | | |*|
  4: | | | | | | | | |*| |
  3: | | |E|W| | | | | | |
  2: | | | | | | | | | | |
  1: | | |*| | | | | | | |
  0: ---------------------

Animal 0, move: RIGHT
 y\x  0 1 2 3 4 5 6 7 8 9
 10: ---------------------
  9: | | | | | |*| | |*| |
  8: | | | | | | | | | | |
  7: | | | | | | | |*| | |
  6: | |*| | | | | |*|*| |
  5: |*| | | | | | | | |*|
  4: | | | | | | | | |*| |
  3: | | |S|W| | | | | | |
  2: | | | | | | | | | | |
  1: | | |*| | | | | | | |
  0: ---------------------

Animal 1, move: RIGHT
 y\x  0 1 2 3 4 5 6 7 8 9
 10: ---------------------
  9: | | | | | |*| | |*| |
  8: | | | | | | | | | | |
  7: | | | | | | | |*| | |
  6: | |*| | | | | |*|*| |
  5: |*| | | | | | | | |*|
  4: | | | | | | | | |*| |
  3: | | |S|N| | | | | | |
  2: | | | | | | | | | | |
  1: | | |*| | | | | | | |
  0: ---------------------

Animal 0, move: FORWARD
 y\x  0 1 2 3 4 5 6 7 8 9
 10: ---------------------
  9: | | | | | |*| | |*| |
  8: | | | | | | | | | | |
  7: | | | | | | | |*| | |
  6: | |*| | | | | |*|*| |
  5: |*| | | | | | | | |*|
  4: | | | | | | | | |*| |
  3: | | | |N| | | | | | |
  2: | | |S| | | | | | | |
  1: | | |*| | | | | | | |
  0: ---------------------

Animal 1, move: FORWARD
 y\x  0 1 2 3 4 5 6 7 8 9
 10: ---------------------
  9: | | | | | |*| | |*| |
  8: | | | | | | | | | | |
  7: | | | | | | | |*| | |
  6: | |*| | | | | |*|*| |
  5: |*| | | | | | | | |*|
  4: | | | |N| | | | |*| |
  3: | | | | | | | | | | |
  2: | | |S| | | | | | | |
  1: | | |*| | | | | | | |
  0: ---------------------

Animal 0, move: FORWARD
 y\x  0 1 2 3 4 5 6 7 8 9
 10: ---------------------
  9: | | | | | |*| | |*| |
  8: | | | | | | | | | | |
  7: | | | | | | | |*| | |
  6: | |*| | | | | |*|*| |
  5: |*| | | | | | | | |*|
  4: | | | |N| | | | |*| |
  3: | | | | | | | | | | |
  2: | | | | | | | | | | |
  1: | | |S| | | | | | | |
  0: ---------------------

Animal 1, move: FORWARD
 y\x  0 1 2 3 4 5 6 7 8 9
 10: ---------------------
  9: | | | | | |*| | |*| |
  8: | | | | | | | | | | |
  7: | | | | | | | |*| | |
  6: | |*| | | | | |*|*| |
  5: |*| | |N| | | | | |*|
  4: | | | | | | | | |*| |
  3: | | | | | | | | | | |
  2: | | | | | | | | | | |
  1: | | |S| | | | | | | |
  0: ---------------------

Animal 0, move: FORWARD
 y\x  0 1 2 3 4 5 6 7 8 9
 10: ---------------------
  9: | | | | | |*| | |*| |
  8: | | | | | | | | | | |
  7: | | | | | | | |*| | |
  6: | |*| | | | | |*|*| |
  5: |*| | |N| | | | | |*|
  4: | | | | | | | | |*| |
  3: | | | | | | | | | | |
  2: | | | | | | | | | | |
  1: | | |*| | | | | | | |
  0: | | |S| | | | | | | |
 -1: ---------------------

Animal 1, move: FORWARD
 y\x  0 1 2 3 4 5 6 7 8 9
 10: ---------------------
  9: | | | | | |*| | |*| |
  8: | | | | | | | | | | |
  7: | | | | | | | |*| | |
  6: | |*| |N| | | |*|*| |
  5: |*| | | | | | | | |*|
  4: | | | | | | | | |*| |
  3: | | | | | | | | | | |
  2: | | | | | | | | | | |
  1: | | |*| | | | | | | |
  0: | | |S| | | | | | | |
 -1: ---------------------

Animal 0, move: FORWARD
 y\x  0 1 2 3 4 5 6 7 8 9
 10: ---------------------
  9: | | | | | |*| | |*| |
  8: | | | | | | | | | | |
  7: | | | | | | | |*| | |
  6: | |*| |N| | | |*|*| |
  5: |*| | | | | | | | |*|
  4: | | | | | | | | |*| |
  3: | | | | | | | | | | |
  2: | | | | | | | | | | |
  1: | | |*| | | | | | | |
  0: | | | | | | | | | | |
 -1: | | |S| | | | | | | |
 -2: ---------------------

Animal 1, move: FORWARD
 y\x  0 1 2 3 4 5 6 7 8 9
 10: ---------------------
  9: | | | | | |*| | |*| |
  8: | | | | | | | | | | |
  7: | | | |N| | | |*| | |
  6: | |*| | | | | |*|*| |
  5: |*| | | | | | | | |*|
  4: | | | | | | | | |*| |
  3: | | | | | | | | | | |
  2: | | | | | | | | | | |
  1: | | |*| | | | | | | |
  0: | | | | | | | | | | |
 -1: | | |S| | | | | | | |
 -2: ---------------------

]]></system-out>
  <system-err><![CDATA[]]></system-err>
</testsuite>
